IMLib/build/outputs/logs/manifest-merger-debug-report.txt
-- Merging decision tree log ---
manifest
ADDED from DoctorAssitant\IMLib\AndroidManifest.xml:1:1-90:12
INJECTED from DoctorAssitant\IMLib\AndroidManifest.xml:1:1-90:12
INJECTED from DoctorAssitant\IMLib\AndroidManifest.xml:1:1-90:12
INJECTED from DoctorAssitant\IMLib\AndroidManifest.xml:1:1-90:12
INJECTED from DoctorAssitant\IMLib\AndroidManifest.xml:1:1-90:12
INJECTED from DoctorAssitant\IMLib\AndroidManifest.xml:1:1-90:12
INJECTED from DoctorAssitant\IMLib\AndroidManifest.xml:1:1-90:12
	package
		ADDED from DoctorAssitant\IMLib\AndroidManifest.xml:2:5-28
		INJECTED from DoctorAssitant\IMLib\AndroidManifest.xml
		INJECTED from DoctorAssitant\IMLib\AndroidManifest.xml
	android:versionName
		INJECTED from DoctorAssitant\IMLib\AndroidManifest.xml
		ADDED from DoctorAssitant\IMLib\AndroidManifest.xml:1:1-90:12
		INJECTED from DoctorAssitant\IMLib\AndroidManifest.xml
	android:versionCode
		INJECTED from DoctorAssitant\IMLib\AndroidManifest.xml
		ADDED from DoctorAssitant\IMLib\AndroidManifest.xml:1:1-90:12
		INJECTED from DoctorAssitant\IMLib\AndroidManifest.xml
	xmlns:android
		ADDED from DoctorAssitant\IMLib\AndroidManifest.xml:1:11-69
uses-permission#android.permission.WRITE_EXTERNAL_STORAGE
ADDED from DoctorAssitant\IMLib\AndroidManifest.xml:4:5-81
	android:name
		ADDED from DoctorAssitant\IMLib\AndroidManifest.xml:4:22-78
uses-permission#android.permission.INTERNET
ADDED from DoctorAssitant\IMLib\AndroidManifest.xml:5:5-67
	android:name
		ADDED from DoctorAssitant\IMLib\AndroidManifest.xml:5:22-64
uses-permission#android.permission.ACCESS_NETWORK_STATE
ADDED from DoctorAssitant\IMLib\AndroidManifest.xml:6:5-79
	android:name
		ADDED from DoctorAssitant\IMLib\AndroidManifest.xml:6:22-76
uses-permission#android.permission.ACCESS_WIFI_STATE
ADDED from DoctorAssitant\IMLib\AndroidManifest.xml:7:5-76
	android:name
		ADDED from DoctorAssitant\IMLib\AndroidManifest.xml:7:22-73
uses-permission#android.permission.READ_PHONE_STATE
ADDED from DoctorAssitant\IMLib\AndroidManifest.xml:8:5-75
	android:name
		ADDED from DoctorAssitant\IMLib\AndroidManifest.xml:8:22-72
uses-permission#android.permission.RECORD_AUDIO
ADDED from DoctorAssitant\IMLib\AndroidManifest.xml:9:5-71
	android:name
		ADDED from DoctorAssitant\IMLib\AndroidManifest.xml:9:22-68
uses-permission#android.permission.GET_TASKS
ADDED from DoctorAssitant\IMLib\AndroidManifest.xml:10:5-68
	android:name
		ADDED from DoctorAssitant\IMLib\AndroidManifest.xml:10:22-65
uses-permission#android.permission.WAKE_LOCK
ADDED from DoctorAssitant\IMLib\AndroidManifest.xml:11:5-68
	android:name
		ADDED from DoctorAssitant\IMLib\AndroidManifest.xml:11:22-65
uses-permission#android.permission.MODIFY_AUDIO_SETTINGS
ADDED from DoctorAssitant\IMLib\AndroidManifest.xml:12:5-80
	android:name
		ADDED from DoctorAssitant\IMLib\AndroidManifest.xml:12:22-77
uses-permission#android.permission.VIBRATE
ADDED from DoctorAssitant\IMLib\AndroidManifest.xml:13:5-66
	android:name
		ADDED from DoctorAssitant\IMLib\AndroidManifest.xml:13:22-63
uses-permission#android.permission.ACCESS_FINE_LOCATION
ADDED from DoctorAssitant\IMLib\AndroidManifest.xml:14:5-79
	android:name
		ADDED from DoctorAssitant\IMLib\AndroidManifest.xml:14:22-76
uses-permission#android.permission.RECEIVE_BOOT_COMPLETED
ADDED from DoctorAssitant\IMLib\AndroidManifest.xml:15:5-81
	android:name
		ADDED from DoctorAssitant\IMLib\AndroidManifest.xml:15:22-78
application
ADDED from DoctorAssitant\IMLib\AndroidManifest.xml:17:5-88:19
meta-data#RONG_CLOUD_APP_KEY
ADDED from DoctorAssitant\IMLib\AndroidManifest.xml:20:9-22:45
	android:value
		ADDED from DoctorAssitant\IMLib\AndroidManifest.xml:22:13-42
	android:name
		ADDED from DoctorAssitant\IMLib\AndroidManifest.xml:21:13-46
service#io.rong.imlib.ipc.RongService
ADDED from DoctorAssitant\IMLib\AndroidManifest.xml:24:9-27:38
	android:process
		ADDED from DoctorAssitant\IMLib\AndroidManifest.xml:27:13-35
	android:exported
		ADDED from DoctorAssitant\IMLib\AndroidManifest.xml:26:13-36
	android:name
		ADDED from DoctorAssitant\IMLib\AndroidManifest.xml:25:13-57
service#io.rong.imlib.ReConnectService
ADDED from DoctorAssitant\IMLib\AndroidManifest.xml:29:9-30:38
	android:exported
		ADDED from DoctorAssitant\IMLib\AndroidManifest.xml:30:13-36
	android:name
		ADDED from DoctorAssitant\IMLib\AndroidManifest.xml:29:18-63
receiver#io.rong.imlib.ConnectChangeReceiver
ADDED from DoctorAssitant\IMLib\AndroidManifest.xml:32:9-33:38
	android:exported
		ADDED from DoctorAssitant\IMLib\AndroidManifest.xml:33:13-36
	android:name
		ADDED from DoctorAssitant\IMLib\AndroidManifest.xml:32:19-69
receiver#io.rong.imlib.HeartbeatReceiver
ADDED from DoctorAssitant\IMLib\AndroidManifest.xml:35:9-37:38
	android:process
		ADDED from DoctorAssitant\IMLib\AndroidManifest.xml:37:13-35
	android:name
		ADDED from DoctorAssitant\IMLib\AndroidManifest.xml:36:13-59
service#io.rong.push.core.PushRegistrationService
ADDED from DoctorAssitant\IMLib\AndroidManifest.xml:43:9-46:19
	android:exported
		ADDED from DoctorAssitant\IMLib\AndroidManifest.xml:45:13-37
	android:name
		ADDED from DoctorAssitant\IMLib\AndroidManifest.xml:44:13-69
service#io.rong.push.core.MessageHandleService
ADDED from DoctorAssitant\IMLib\AndroidManifest.xml:49:9-52:19
	android:exported
		ADDED from DoctorAssitant\IMLib\AndroidManifest.xml:51:13-36
	android:name
		ADDED from DoctorAssitant\IMLib\AndroidManifest.xml:50:13-66
service#io.rong.push.PushService
ADDED from DoctorAssitant\IMLib\AndroidManifest.xml:55:9-59:19
	android:process
		ADDED from DoctorAssitant\IMLib\AndroidManifest.xml:58:13-43
	android:exported
		ADDED from DoctorAssitant\IMLib\AndroidManifest.xml:57:13-36
	android:name
		ADDED from DoctorAssitant\IMLib\AndroidManifest.xml:56:13-52
receiver#io.rong.push.PushReceiver
ADDED from DoctorAssitant\IMLib\AndroidManifest.xml:62:9-82:20
	android:process
		ADDED from DoctorAssitant\IMLib\AndroidManifest.xml:64:13-43
	android:name
		ADDED from DoctorAssitant\IMLib\AndroidManifest.xml:63:13-53
intent-filter#io.rong.push.intent.action.HEART_BEAT
ADDED from DoctorAssitant\IMLib\AndroidManifest.xml:66:13-68:29
action#io.rong.push.intent.action.HEART_BEAT
ADDED from DoctorAssitant\IMLib\AndroidManifest.xml:67:17-80
	android:name
		ADDED from DoctorAssitant\IMLib\AndroidManifest.xml:67:25-77
intent-filter#android.net.conn.CONNECTIVITY_CHANGE
ADDED from DoctorAssitant\IMLib\AndroidManifest.xml:70:13-72:29
action#android.net.conn.CONNECTIVITY_CHANGE
ADDED from DoctorAssitant\IMLib\AndroidManifest.xml:71:17-79
	android:name
		ADDED from DoctorAssitant\IMLib\AndroidManifest.xml:71:25-76
intent-filter#android.intent.action.BOOT_COMPLETED
ADDED from DoctorAssitant\IMLib\AndroidManifest.xml:74:13-76:29
action#android.intent.action.BOOT_COMPLETED
ADDED from DoctorAssitant\IMLib\AndroidManifest.xml:75:17-79
	android:name
		ADDED from DoctorAssitant\IMLib\AndroidManifest.xml:75:25-76
intent-filter#android.intent.action.ACTION_POWER_CONNECTED+android.intent.action.ACTION_POWER_DISCONNECTED+android.intent.action.USER_PRESENT
ADDED from DoctorAssitant\IMLib\AndroidManifest.xml:77:13-81:29
action#android.intent.action.USER_PRESENT
ADDED from DoctorAssitant\IMLib\AndroidManifest.xml:78:17-77
	android:name
		ADDED from DoctorAssitant\IMLib\AndroidManifest.xml:78:25-74
action#android.intent.action.ACTION_POWER_CONNECTED
ADDED from DoctorAssitant\IMLib\AndroidManifest.xml:79:17-87
	android:name
		ADDED from DoctorAssitant\IMLib\AndroidManifest.xml:79:25-84
action#android.intent.action.ACTION_POWER_DISCONNECTED
ADDED from DoctorAssitant\IMLib\AndroidManifest.xml:80:17-90
	android:name
		ADDED from DoctorAssitant\IMLib\AndroidManifest.xml:80:25-87
uses-sdk
INJECTED from DoctorAssitant\IMLib\AndroidManifest.xml reason: use-sdk injection requested
INJECTED from DoctorAssitant\IMLib\AndroidManifest.xml
INJECTED from DoctorAssitant\IMLib\AndroidManifest.xml
INJECTED from DoctorAssitant\IMLib\AndroidManifest.xml
INJECTED from DoctorAssitant\IMLib\AndroidManifest.xml
	android:targetSdkVersion
		INJECTED from DoctorAssitant\IMLib\AndroidManifest.xml
		ADDED from DoctorAssitant\IMLib\AndroidManifest.xml
		INJECTED from DoctorAssitant\IMLib\AndroidManifest.xml
	android:minSdkVersion
		INJECTED from DoctorAssitant\IMLib\AndroidManifest.xml
		ADDED from DoctorAssitant\IMLib\AndroidManifest.xml
		INJECTED from DoctorAssitant\IMLib\AndroidManifest.xml